2021-05-16 15:35:56,397 [INFO] Activator:170 - 


2021-05-16 15:35:56,398 [INFO] Activator:171 - !SESSION log4j initialized
2021-05-16 15:36:36,664 [INFO] Activator:170 - 


2021-05-16 15:36:36,666 [INFO] Activator:171 - !SESSION log4j initialized
2021-05-16 15:37:04,201 [INFO] McuFinderGlobals:39 - Set McuFinder mode to 2 (CubeIDE integrated)
2021-05-16 15:37:04,546 [INFO] ApplicationProperties:181 - Using Application install path: F:\engineering\STI\theirstuff\IDE\STM32CubeIDE_1.6.1\STM32CubeIDE\plugins\com.st.stm32cube.common.mx_6.2.1.202103241236
2021-05-16 15:37:04,557 [INFO] DbMcusXml:74 - Set database path to: F:\engineering\STI\theirstuff\IDE\STM32CubeIDE_1.6.1\STM32CubeIDE\plugins\com.st.stm32cube.common.mx_6.2.1.202103241236\\db\/mcu/
2021-05-16 15:37:04,567 [INFO] DbBoardsPdsc:56 - Set plugin database path to: F:\engineering\STI\theirstuff\IDE\STM32CubeIDE_1.6.1\STM32CubeIDE\plugins\com.st.stm32cube.common.mx_6.2.1.202103241236\\db\/plugins/boardmanager/
2021-05-16 15:37:04,568 [INFO] DbMcus:258 - Set plugin images path to: F:\engineering\STI\theirstuff\IDE\STM32CubeIDE_1.6.1\STM32CubeIDE\plugins\com.st.stm32cube.common.mx_6.2.1.202103241236\\db\/plugins/mcufinder/images/
2021-05-16 15:37:04,568 [INFO] DbBoards:264 - Set plugin images path to: F:\engineering\STI\theirstuff\IDE\STM32CubeIDE_1.6.1\STM32CubeIDE\plugins\com.st.stm32cube.common.mx_6.2.1.202103241236\\db\/plugins/mcufinder/images/
2021-05-16 15:37:04,570 [INFO] DbExamples:333 - Set plugin images path to: F:\engineering\STI\theirstuff\IDE\STM32CubeIDE_1.6.1\STM32CubeIDE\plugins\com.st.stm32cube.common.mx_6.2.1.202103241236\\db\/plugins/mcufinder/images/
2021-05-16 15:37:04,580 [INFO] DbMcusAds:85 - Set database path to: C:\Users\StanPC\.stmcufinder\plugins\mcufinder//mcu/
2021-05-16 15:37:04,582 [INFO] DbMcusDocs:110 - Set database path to: C:\Users\StanPC\.stmcufinder\plugins\mcufinder//mcu/
2021-05-16 15:37:04,583 [INFO] DbMcusJson:65 - Set database path to: C:\Users\StanPC\.stmcufinder\plugins\mcufinder//mcu/
2021-05-16 15:37:04,584 [INFO] DbBoardsDocs:110 - Set database path to: C:\Users\StanPC\.stmcufinder\plugins\mcufinder//mcu/
2021-05-16 15:37:04,585 [INFO] DbBoardsJson:58 - Set database path to: C:\Users\StanPC\.stmcufinder\plugins\mcufinder//mcu/
2021-05-16 15:37:04,593 [INFO] CrossReferenceDbSqlite:196 - Set database path to: C:\Users\StanPC\.stmcufinder\plugins\mcufinder//mcu/cs/
2021-05-16 15:37:04,596 [INFO] DbExamplesSqlite:690 - Set database path to: C:\Users\StanPC\.stmcufinder\plugins\mcufinder//mcu/
2021-05-16 15:37:04,677 [INFO] RulesReader:52 - Compatibility file has been processed (237 Rules)
2021-05-16 15:37:04,777 [INFO] MicroXplorer:622 - Detected Java Version = 11.0.9.1
2021-05-16 15:37:04,778 [INFO] DbMcusXml:74 - Set database path to: F:\engineering\STI\theirstuff\IDE\STM32CubeIDE_1.6.1\STM32CubeIDE\plugins\com.st.stm32cube.common.mx_6.2.1.202103241236\\db\/mcu/
2021-05-16 15:37:04,778 [INFO] DbBoardsPdsc:56 - Set plugin database path to: F:\engineering\STI\theirstuff\IDE\STM32CubeIDE_1.6.1\STM32CubeIDE\plugins\com.st.stm32cube.common.mx_6.2.1.202103241236\\db\/plugins/boardmanager/
2021-05-16 15:37:04,778 [INFO] DbMcus:258 - Set plugin images path to: F:\engineering\STI\theirstuff\IDE\STM32CubeIDE_1.6.1\STM32CubeIDE\plugins\com.st.stm32cube.common.mx_6.2.1.202103241236\\db\/plugins/mcufinder/images/
2021-05-16 15:37:04,778 [INFO] DbBoards:264 - Set plugin images path to: F:\engineering\STI\theirstuff\IDE\STM32CubeIDE_1.6.1\STM32CubeIDE\plugins\com.st.stm32cube.common.mx_6.2.1.202103241236\\db\/plugins/mcufinder/images/
2021-05-16 15:37:04,779 [INFO] DbExamples:333 - Set plugin images path to: F:\engineering\STI\theirstuff\IDE\STM32CubeIDE_1.6.1\STM32CubeIDE\plugins\com.st.stm32cube.common.mx_6.2.1.202103241236\\db\/plugins/mcufinder/images/
2021-05-16 15:37:04,779 [WARN] DbFile:35 - Overriding database path with different value: C:\Users\StanPC\.stmcufinder\plugins\mcufinder/ => C:\Users\StanPC\.stmcufinder\plugins\mcufinder
2021-05-16 15:37:04,779 [INFO] DbMcusAds:85 - Set database path to: C:\Users\StanPC\.stmcufinder\plugins\mcufinder//mcu/
2021-05-16 15:37:04,779 [WARN] DbFile:35 - Overriding database path with different value: C:\Users\StanPC\.stmcufinder\plugins\mcufinder/ => C:\Users\StanPC\.stmcufinder\plugins\mcufinder
2021-05-16 15:37:04,779 [INFO] DbMcusDocs:110 - Set database path to: C:\Users\StanPC\.stmcufinder\plugins\mcufinder//mcu/
2021-05-16 15:37:04,779 [WARN] DbFile:35 - Overriding database path with different value: C:\Users\StanPC\.stmcufinder\plugins\mcufinder/ => C:\Users\StanPC\.stmcufinder\plugins\mcufinder
2021-05-16 15:37:04,779 [INFO] DbMcusJson:65 - Set database path to: C:\Users\StanPC\.stmcufinder\plugins\mcufinder//mcu/
2021-05-16 15:37:04,779 [WARN] DbFile:35 - Overriding database path with different value: C:\Users\StanPC\.stmcufinder\plugins\mcufinder/ => C:\Users\StanPC\.stmcufinder\plugins\mcufinder
2021-05-16 15:37:04,780 [INFO] DbBoardsDocs:110 - Set database path to: C:\Users\StanPC\.stmcufinder\plugins\mcufinder//mcu/
2021-05-16 15:37:04,780 [WARN] DbFile:35 - Overriding database path with different value: C:\Users\StanPC\.stmcufinder\plugins\mcufinder/ => C:\Users\StanPC\.stmcufinder\plugins\mcufinder
2021-05-16 15:37:04,780 [INFO] DbBoardsJson:58 - Set database path to: C:\Users\StanPC\.stmcufinder\plugins\mcufinder//mcu/
2021-05-16 15:37:04,780 [WARN] DbFile:35 - Overriding database path with different value: C:\Users\StanPC\.stmcufinder\plugins\mcufinder/ => C:\Users\StanPC\.stmcufinder\plugins\mcufinder
2021-05-16 15:37:04,780 [WARN] DbFile:35 - Overriding database path with different value: C:\Users\StanPC\.stmcufinder\plugins\mcufinder/ => C:\Users\StanPC\.stmcufinder\plugins\mcufinder
2021-05-16 15:37:04,780 [INFO] CrossReferenceDbSqlite:196 - Set database path to: C:\Users\StanPC\.stmcufinder\plugins\mcufinder//mcu/cs/
2021-05-16 15:37:04,780 [WARN] DbFile:35 - Overriding database path with different value: C:\Users\StanPC\.stmcufinder\plugins\mcufinder/ => C:\Users\StanPC\.stmcufinder\plugins\mcufinder
2021-05-16 15:37:04,780 [INFO] DbExamplesSqlite:690 - Set database path to: C:\Users\StanPC\.stmcufinder\plugins\mcufinder//mcu/
2021-05-16 15:37:04,841 [INFO] MainPanel:204 - HeapMemory: 268435456
2021-05-16 15:37:04,895 [INFO] DbMcusXml:74 - Set database path to: F:\engineering\STI\theirstuff\IDE\STM32CubeIDE_1.6.1\STM32CubeIDE\plugins\com.st.stm32cube.common.mx_6.2.1.202103241236\\db\/mcu/
2021-05-16 15:37:04,895 [INFO] DbBoardsPdsc:56 - Set plugin database path to: F:\engineering\STI\theirstuff\IDE\STM32CubeIDE_1.6.1\STM32CubeIDE\plugins\com.st.stm32cube.common.mx_6.2.1.202103241236\\db\/plugins/boardmanager/
2021-05-16 15:37:04,895 [INFO] DbMcus:258 - Set plugin images path to: F:\engineering\STI\theirstuff\IDE\STM32CubeIDE_1.6.1\STM32CubeIDE\plugins\com.st.stm32cube.common.mx_6.2.1.202103241236\\db\/plugins/mcufinder/images/
2021-05-16 15:37:04,895 [INFO] DbBoards:264 - Set plugin images path to: F:\engineering\STI\theirstuff\IDE\STM32CubeIDE_1.6.1\STM32CubeIDE\plugins\com.st.stm32cube.common.mx_6.2.1.202103241236\\db\/plugins/mcufinder/images/
2021-05-16 15:37:04,895 [INFO] DbExamples:333 - Set plugin images path to: F:\engineering\STI\theirstuff\IDE\STM32CubeIDE_1.6.1\STM32CubeIDE\plugins\com.st.stm32cube.common.mx_6.2.1.202103241236\\db\/plugins/mcufinder/images/
2021-05-16 15:37:04,896 [WARN] DbFile:35 - Overriding database path with different value: C:\Users\StanPC\.stmcufinder\plugins\mcufinder/ => C:\Users\StanPC\.stmcufinder\plugins\mcufinder
2021-05-16 15:37:04,896 [INFO] DbMcusAds:85 - Set database path to: C:\Users\StanPC\.stmcufinder\plugins\mcufinder//mcu/
2021-05-16 15:37:04,896 [WARN] DbFile:35 - Overriding database path with different value: C:\Users\StanPC\.stmcufinder\plugins\mcufinder/ => C:\Users\StanPC\.stmcufinder\plugins\mcufinder
2021-05-16 15:37:04,896 [INFO] DbMcusDocs:110 - Set database path to: C:\Users\StanPC\.stmcufinder\plugins\mcufinder//mcu/
2021-05-16 15:37:04,896 [WARN] DbFile:35 - Overriding database path with different value: C:\Users\StanPC\.stmcufinder\plugins\mcufinder/ => C:\Users\StanPC\.stmcufinder\plugins\mcufinder
2021-05-16 15:37:04,896 [INFO] DbMcusJson:65 - Set database path to: C:\Users\StanPC\.stmcufinder\plugins\mcufinder//mcu/
2021-05-16 15:37:04,896 [WARN] DbFile:35 - Overriding database path with different value: C:\Users\StanPC\.stmcufinder\plugins\mcufinder/ => C:\Users\StanPC\.stmcufinder\plugins\mcufinder
2021-05-16 15:37:04,896 [INFO] DbBoardsDocs:110 - Set database path to: C:\Users\StanPC\.stmcufinder\plugins\mcufinder//mcu/
2021-05-16 15:37:04,896 [WARN] DbFile:35 - Overriding database path with different value: C:\Users\StanPC\.stmcufinder\plugins\mcufinder/ => C:\Users\StanPC\.stmcufinder\plugins\mcufinder
2021-05-16 15:37:04,896 [INFO] DbBoardsJson:58 - Set database path to: C:\Users\StanPC\.stmcufinder\plugins\mcufinder//mcu/
2021-05-16 15:37:04,896 [WARN] DbFile:35 - Overriding database path with different value: C:\Users\StanPC\.stmcufinder\plugins\mcufinder/ => C:\Users\StanPC\.stmcufinder\plugins\mcufinder
2021-05-16 15:37:04,897 [WARN] DbFile:35 - Overriding database path with different value: C:\Users\StanPC\.stmcufinder\plugins\mcufinder/ => C:\Users\StanPC\.stmcufinder\plugins\mcufinder
2021-05-16 15:37:04,897 [INFO] CrossReferenceDbSqlite:196 - Set database path to: C:\Users\StanPC\.stmcufinder\plugins\mcufinder//mcu/cs/
2021-05-16 15:37:04,897 [WARN] DbFile:35 - Overriding database path with different value: C:\Users\StanPC\.stmcufinder\plugins\mcufinder/ => C:\Users\StanPC\.stmcufinder\plugins\mcufinder
2021-05-16 15:37:04,897 [INFO] DbExamplesSqlite:690 - Set database path to: C:\Users\StanPC\.stmcufinder\plugins\mcufinder//mcu/
2021-05-16 15:37:04,919 [INFO] ApplicationProperties:181 - Using Application install path: F:\engineering\STI\theirstuff\IDE\STM32CubeIDE_1.6.1\STM32CubeIDE\plugins\com.st.stm32cube.common.mx_6.2.1.202103241236
2021-05-16 15:37:04,921 [INFO] PluginManage:178 - Search for loadable plugins [exclusion list=, ]
2021-05-16 15:37:04,922 [INFO] PluginManage:292 - Check plugin analytics
2021-05-16 15:37:05,072 [INFO] AnalyticsPlugin:233 - Accepted Software Licenses: 
2021-05-16 15:37:05,072 [INFO] AnalyticsPlugin:235 - Accepted CMSIS Pack Licenses: 
2021-05-16 15:37:05,073 [INFO] AnalyticsPlugin:237 - Accepted Firmware Licenses: 
2021-05-16 15:37:05,074 [INFO] PluginManage:342 - Loaded plugin analytics (category:tool,tabindex:-1)
2021-05-16 15:37:05,074 [INFO] PluginManage:292 - Check plugin clock
2021-05-16 15:37:05,084 [INFO] PluginManage:342 - Loaded plugin clock (category:base,tabindex:2)
2021-05-16 15:37:05,084 [INFO] PluginManage:292 - Check plugin ddr
2021-05-16 15:37:05,086 [INFO] PluginManage:342 - Loaded plugin ddr (category:tool,tabindex:6)
2021-05-16 15:37:05,086 [INFO] PluginManage:292 - Check plugin filemanager
2021-05-16 15:37:05,181 [INFO] PluginManage:342 - Loaded plugin filemanager (category:base,tabindex:10)
2021-05-16 15:37:05,181 [INFO] PluginManage:292 - Check plugin ipmanager
2021-05-16 15:37:05,189 [INFO] PluginManage:342 - Loaded plugin ipmanager (category:base,tabindex:5)
2021-05-16 15:37:05,189 [INFO] PluginManage:292 - Check plugin pinoutandconfiguration
2021-05-16 15:37:05,196 [INFO] PluginManage:342 - Loaded plugin pinoutandconfiguration (category:base,tabindex:1)
2021-05-16 15:37:05,196 [INFO] PluginManage:292 - Check plugin pinoutconfig
2021-05-16 15:37:05,221 [INFO] PluginManage:342 - Loaded plugin pinoutconfig (category:base,tabindex:0)
2021-05-16 15:37:05,221 [INFO] PluginManage:292 - Check plugin power
2021-05-16 15:37:05,228 [INFO] PluginManage:342 - Loaded plugin power (category:power,tabindex:4)
2021-05-16 15:37:05,228 [INFO] PluginManage:292 - Check plugin projectmanager
2021-05-16 15:37:05,241 [INFO] PluginManage:342 - Loaded plugin projectmanager (category:projectmanager,tabindex:3)
2021-05-16 15:37:05,241 [INFO] PluginManage:292 - Check plugin thirdparty
2021-05-16 15:37:05,364 [INFO] PluginManage:342 - Loaded plugin thirdparty (category:base,tabindex:-1)
2021-05-16 15:37:05,365 [INFO] PluginManage:292 - Check plugin tools
2021-05-16 15:37:05,365 [WARN] IntegrityCheckThread:59 - waiting for thirdparty lock release [integrity check]
2021-05-16 15:37:05,366 [INFO] IntegrityCheckThread:61 - entering critical section [integrity check]
2021-05-16 15:37:05,366 [INFO] ThirdPartyUpdaterWithRetryManager:56 - Updater plugin not ready yet. [1/15]
2021-05-16 15:37:05,367 [INFO] PluginManage:342 - Loaded plugin tools (category:base,tabindex:7)
2021-05-16 15:37:05,368 [INFO] PluginManage:292 - Check plugin tutovideos
2021-05-16 15:37:05,547 [INFO] PluginManage:342 - Loaded plugin tutovideos (category:base,tabindex:-1)
2021-05-16 15:37:05,547 [INFO] PluginManage:292 - Check plugin updater
2021-05-16 15:37:05,556 [INFO] PluginManage:342 - Loaded plugin updater (category:base,tabindex:12)
2021-05-16 15:37:05,557 [INFO] PluginManage:265 - PluginManage : Loaded plugins [13]
2021-05-16 15:37:05,757 [INFO] PinOutPanel:1435 - setPackage(No Configuration,No Configuration)
2021-05-16 15:37:05,877 [INFO] IPUIPlugin:64 - create IPUIPlugin
2021-05-16 15:37:05,877 [INFO] PluginManager:203 - loadIPPluginJar : add adc
2021-05-16 15:37:05,880 [INFO] IPUIPlugin:64 - create IPUIPlugin
2021-05-16 15:37:05,880 [INFO] PluginManager:203 - loadIPPluginJar : add aes
2021-05-16 15:37:05,882 [INFO] IPUIPlugin:64 - create IPUIPlugin
2021-05-16 15:37:05,882 [INFO] PluginManager:203 - loadIPPluginJar : add can
2021-05-16 15:37:05,884 [INFO] IPUIPlugin:64 - create IPUIPlugin
2021-05-16 15:37:05,884 [INFO] PluginManager:203 - loadIPPluginJar : add comp
2021-05-16 15:37:05,886 [INFO] IPUIPlugin:64 - create IPUIPlugin
2021-05-16 15:37:05,886 [INFO] PluginManager:203 - loadIPPluginJar : add cryp
2021-05-16 15:37:05,888 [INFO] IPUIPlugin:64 - create IPUIPlugin
2021-05-16 15:37:05,888 [INFO] PluginManager:203 - loadIPPluginJar : add dfsdm
2021-05-16 15:37:05,892 [INFO] IPUIPlugin:64 - create IPUIPlugin
2021-05-16 15:37:05,893 [INFO] PluginManager:203 - loadIPPluginJar : add dma
2021-05-16 15:37:05,894 [INFO] IPUIPlugin:64 - create IPUIPlugin
2021-05-16 15:37:05,894 [INFO] PluginManager:203 - loadIPPluginJar : add fatfs
2021-05-16 15:37:05,897 [INFO] IPUIPlugin:64 - create IPUIPlugin
2021-05-16 15:37:05,897 [INFO] PluginManager:203 - loadIPPluginJar : add fmc
2021-05-16 15:37:05,902 [INFO] IPUIPlugin:64 - create IPUIPlugin
2021-05-16 15:37:05,902 [INFO] PluginManager:203 - loadIPPluginJar : add freertos
2021-05-16 15:37:05,904 [INFO] IPUIPlugin:64 - create IPUIPlugin
2021-05-16 15:37:05,904 [INFO] PluginManager:203 - loadIPPluginJar : add genericplugin
2021-05-16 15:37:05,905 [INFO] IPUIPlugin:64 - create IPUIPlugin
2021-05-16 15:37:05,906 [INFO] PluginManager:203 - loadIPPluginJar : add gfxmmu
2021-05-16 15:37:05,910 [INFO] IPUIPlugin:64 - create IPUIPlugin
2021-05-16 15:37:05,910 [INFO] PluginManager:203 - loadIPPluginJar : add gic
2021-05-16 15:37:05,913 [INFO] IPUIPlugin:64 - create IPUIPlugin
2021-05-16 15:37:05,913 [INFO] PluginManager:203 - loadIPPluginJar : add gpio
2021-05-16 15:37:05,916 [INFO] IPUIPlugin:64 - create IPUIPlugin
2021-05-16 15:37:05,917 [INFO] PluginManager:203 - loadIPPluginJar : add gtzc
2021-05-16 15:37:05,919 [INFO] IPUIPlugin:64 - create IPUIPlugin
2021-05-16 15:37:05,919 [INFO] PluginManager:203 - loadIPPluginJar : add hash
2021-05-16 15:37:05,925 [INFO] IPUIPlugin:64 - create IPUIPlugin
2021-05-16 15:37:05,925 [INFO] PluginManager:203 - loadIPPluginJar : add i2c
2021-05-16 15:37:05,928 [INFO] IPUIPlugin:64 - create IPUIPlugin
2021-05-16 15:37:05,928 [INFO] PluginManager:203 - loadIPPluginJar : add i2s
2021-05-16 15:37:05,930 [INFO] IPUIPlugin:64 - create IPUIPlugin
2021-05-16 15:37:05,930 [INFO] PluginManager:203 - loadIPPluginJar : add ipddr
2021-05-16 15:37:05,933 [INFO] IPUIPlugin:64 - create IPUIPlugin
2021-05-16 15:37:05,934 [INFO] PluginManager:203 - loadIPPluginJar : add lorawan
2021-05-16 15:37:05,935 [INFO] IPUIPlugin:64 - create IPUIPlugin
2021-05-16 15:37:05,935 [INFO] PluginManager:203 - loadIPPluginJar : add ltdc
2021-05-16 15:37:05,939 [INFO] IPUIPlugin:64 - create IPUIPlugin
2021-05-16 15:37:05,939 [INFO] PluginManager:203 - loadIPPluginJar : add mdma
2021-05-16 15:37:05,942 [INFO] IPUIPlugin:64 - create IPUIPlugin
2021-05-16 15:37:05,943 [INFO] PluginManager:203 - loadIPPluginJar : add nvic
2021-05-16 15:37:05,945 [INFO] IPUIPlugin:64 - create IPUIPlugin
2021-05-16 15:37:05,945 [INFO] PluginManager:203 - loadIPPluginJar : add opamp
2021-05-16 15:37:05,947 [INFO] IPUIPlugin:64 - create IPUIPlugin
2021-05-16 15:37:05,947 [INFO] PluginManager:203 - loadIPPluginJar : add openamp
2021-05-16 15:37:05,949 [INFO] IPUIPlugin:64 - create IPUIPlugin
2021-05-16 15:37:05,950 [INFO] PluginManager:203 - loadIPPluginJar : add pdm2pcm
2021-05-16 15:37:05,955 [INFO] IPUIPlugin:64 - create IPUIPlugin
2021-05-16 15:37:05,959 [INFO] PluginManager:203 - loadIPPluginJar : add plateformsettings
2021-05-16 15:37:05,960 [INFO] IPUIPlugin:64 - create IPUIPlugin
2021-05-16 15:37:05,960 [INFO] PluginManager:203 - loadIPPluginJar : add quadspi
2021-05-16 15:37:05,963 [INFO] IPUIPlugin:64 - create IPUIPlugin
2021-05-16 15:37:05,963 [INFO] PluginManager:203 - loadIPPluginJar : add resmgrutility
2021-05-16 15:37:05,966 [INFO] IPUIPlugin:64 - create IPUIPlugin
2021-05-16 15:37:05,966 [INFO] PluginManager:203 - loadIPPluginJar : add sai
2021-05-16 15:37:05,968 [INFO] IPUIPlugin:64 - create IPUIPlugin
2021-05-16 15:37:05,968 [INFO] PluginManager:203 - loadIPPluginJar : add spi
2021-05-16 15:37:05,972 [INFO] IPUIPlugin:64 - create IPUIPlugin
2021-05-16 15:37:05,972 [INFO] PluginManager:203 - loadIPPluginJar : add stm32_wpan
2021-05-16 15:37:05,973 [INFO] IPUIPlugin:64 - create IPUIPlugin
2021-05-16 15:37:05,973 [INFO] PluginManager:203 - loadIPPluginJar : add tim
2021-05-16 15:37:05,976 [INFO] IPUIPlugin:64 - create IPUIPlugin
2021-05-16 15:37:05,976 [INFO] PluginManager:203 - loadIPPluginJar : add touchsensing
2021-05-16 15:37:05,978 [INFO] IPUIPlugin:64 - create IPUIPlugin
2021-05-16 15:37:05,978 [INFO] PluginManager:203 - loadIPPluginJar : add tracer_emb
2021-05-16 15:37:05,980 [INFO] IPUIPlugin:64 - create IPUIPlugin
2021-05-16 15:37:05,980 [INFO] PluginManager:203 - loadIPPluginJar : add ts
2021-05-16 15:37:05,981 [INFO] IPUIPlugin:64 - create IPUIPlugin
2021-05-16 15:37:05,981 [INFO] PluginManager:203 - loadIPPluginJar : add tsc
2021-05-16 15:37:05,982 [INFO] IPUIPlugin:64 - create IPUIPlugin
2021-05-16 15:37:05,982 [INFO] PluginManager:203 - loadIPPluginJar : add ucpd
2021-05-16 15:37:05,984 [INFO] IPUIPlugin:64 - create IPUIPlugin
2021-05-16 15:37:05,985 [INFO] PluginManager:203 - loadIPPluginJar : add usart
2021-05-16 15:37:06,286 [FATAL] Updater:284 - Updater called before beeing initialized
2021-05-16 15:37:06,413 [FATAL] Updater:284 - Updater called before beeing initialized
2021-05-16 15:37:06,417 [INFO] DbMcusAds:132 - JSON generation date=Tue May 11 08:32:49 PDT 2021 (1620747169707)
2021-05-16 15:37:06,418 [FATAL] Updater:284 - Updater called before beeing initialized
2021-05-16 15:37:06,449 [WARN] DetailPanel:315 - Failed to get advertising image, set to default
2021-05-16 15:37:06,735 [FATAL] Updater:284 - Updater called before beeing initialized
2021-05-16 15:37:06,737 [FATAL] Updater:284 - Updater called before beeing initialized
2021-05-16 15:37:06,737 [FATAL] Updater:284 - Updater called before beeing initialized
2021-05-16 15:37:06,737 [WARN] DetailPanel:315 - Failed to get advertising image, set to default
2021-05-16 15:37:06,739 [FATAL] Updater:284 - Updater called before beeing initialized
2021-05-16 15:37:06,785 [FATAL] Updater:284 - Updater called before beeing initialized
2021-05-16 15:37:06,785 [WARN] ThirdParty:796 - waiting for thirdparty lock release [close project]
2021-05-16 15:37:08,372 [INFO] ThirdPartyUpdaterWithRetryManager:56 - Updater plugin not ready yet. [2/15]
2021-05-16 15:37:11,388 [FATAL] Updater:284 - Updater called before beeing initialized
2021-05-16 15:37:11,388 [ERROR] AbstractThirdPartyUpdaterManager:153 - class java.lang.Integer cannot be cast to class java.util.List (java.lang.Integer and java.util.List are in module java.base of loader 'bootstrap')
2021-05-16 15:37:11,388 [INFO] ThirdParty:900 - Integrity check success = false
2021-05-16 15:37:11,388 [INFO] IntegrityCheckThread:75 - exiting critical section [integrity check]
2021-05-16 15:37:11,388 [INFO] IntegrityCheckThread:78 - End integrity checks thread
2021-05-16 15:37:11,389 [INFO] ThirdParty:798 - entering critical section [close project]
2021-05-16 15:37:11,390 [INFO] ThirdParty:809 - exiting critical section [close project]
2021-05-16 15:37:11,394 [INFO] PinOutPanel:1435 - setPackage(No Configuration,No Configuration)
2021-05-16 15:37:11,395 [FATAL] Updater:284 - Updater called before beeing initialized
2021-05-16 15:37:11,404 [ERROR] Updater:1065 - MainUpdater not yet initialized. External WinMGr cannot be set.
2021-05-16 15:37:11,407 [INFO] Updater:1002 - Updater Version found : 6.2.1
2021-05-16 15:37:11,431 [INFO] ApplicationProperties:181 - Using Application install path: F:\engineering\STI\theirstuff\IDE\STM32CubeIDE_1.6.1\STM32CubeIDE\plugins\com.st.stm32cube.common.mx_6.2.1.202103241236
2021-05-16 15:37:11,573 [INFO] MainUpdater:2661 - connection check result : 10
2021-05-16 15:37:11,574 [INFO] MainUpdater:255 - Updater Check For Update Now.
2021-05-16 15:37:11,575 [INFO] MicroXplorer:472 - Change Database Version : DB.6.0.21
2021-05-16 15:37:11,621 [INFO] CheckServerUpdateThread:102 - End of CheckServer Thread
2021-05-16 15:37:11,691 [INFO] MainUpdater:2661 - connection check result : 10
2021-05-16 15:37:11,979 [INFO] CrossSelectorPresenter:1330 - Cross Selector saved comparison directory: C:\Users\StanPC\.stmcufinder\plugins\mcufinder\mcu\cs_comparisons_mx
2021-05-16 15:37:11,985 [INFO] MultiScanPanel:200 - Auto-refresh data requested => check proxy status ongoing
2021-05-16 15:37:11,987 [INFO] FinderPluginLoader:87 - Searching for filters in installed packs
2021-05-16 15:37:11,989 [INFO] DbMcusXml:100 - Load MCU database from F:\engineering\STI\theirstuff\IDE\STM32CubeIDE_1.6.1\STM32CubeIDE\plugins\com.st.stm32cube.common.mx_6.2.1.202103241236\\db\/mcu/families.xml
2021-05-16 15:37:12,985 [INFO] DbMcusJson:94 - JSON generation date=Mon Feb 08 05:35:07 PST 2021 (1612791307)
2021-05-16 15:37:13,695 [INFO] DbMcus:175 - Found 1906 MCUs (1866 are supported by CubeMX, 1866 are visible in CubeMX)
2021-05-16 15:37:13,696 [INFO] ApiDb:251 - Load user favorites file C:\Users\StanPC/.stm32cubeide/favorites.mcus.txt: 0 item(s)
2021-05-16 15:37:13,696 [INFO] ApiDb:255 - User favorites MCUs=[]
2021-05-16 15:37:13,696 [INFO] DbMcus:187 - Set 0 / 0 favorites MCUs
2021-05-16 15:37:14,238 [INFO] DetailPanel:310 - Set advertising image to C:/Users/StanPC/STM32Cube/Repository/\en.prom_b-l462e-cell1_0421.jpg
2021-05-16 15:37:14,733 [INFO] DbBoardsPdsc:90 - Found 24 items
2021-05-16 15:37:14,736 [INFO] DbBoardsPdsc:90 - Found 9 items
2021-05-16 15:37:14,741 [INFO] DbBoardsPdsc:90 - Found 33 items
2021-05-16 15:37:14,743 [INFO] DbBoardsPdsc:90 - Found 1 items
2021-05-16 15:37:14,750 [INFO] DbBoardsPdsc:90 - Found 46 items
2021-05-16 15:37:14,760 [INFO] DbBoardsPdsc:90 - Found 41 items
2021-05-16 15:37:14,763 [INFO] DbBoardsPdsc:90 - Found 2 items
2021-05-16 15:37:14,780 [INFO] DbBoardsPdsc:90 - Found 5 items
2021-05-16 15:37:14,784 [WARN] DbBoardsPdsc:254 - Board NUCLEO-WB15CC: unknown feature type=, name=, username=Three user LEDs, n=1
2021-05-16 15:37:14,784 [WARN] DbBoardsPdsc:254 - Board NUCLEO-WB15CC: unknown feature type=, name=, username=One reset and three user push-buttons, n=1
2021-05-16 15:37:14,784 [WARN] DbBoardsPdsc:254 - Board NUCLEO-WB15CC: unknown feature type=, name=, username=Arduino Uno V3 expansion connector, n=1
2021-05-16 15:37:14,784 [WARN] DbBoardsPdsc:254 - Board NUCLEO-WB15CC: unknown feature type=, name=, username=ST morpho extension pin headers for full access to all STM32WB I/Os, n=1
2021-05-16 15:37:14,784 [WARN] DbBoardsPdsc:254 - Board NUCLEO-WB15CC: unknown feature type=, name=, username=Integrated PCB antenna and SMA connector footprint, n=1
2021-05-16 15:37:14,785 [WARN] DbBoardsPdsc:254 - Board NUCLEO-WB15CC: unknown feature type=, name=, username=Flexible power-supply options: ST-LINK, USB VBUS, or external sources, n=1
2021-05-16 15:37:14,785 [WARN] DbBoardsPdsc:254 - Board NUCLEO-WB15CC: unknown feature type=, name=, username=On-board footprint to mount a CR2032 battery socket, n=1
2021-05-16 15:37:14,785 [WARN] DbBoardsPdsc:254 - Board NUCLEO-WB15CC: unknown feature type=, name=, username=On-board ST-LINK/V2-1 debugger/programmer with USB re-enumeration capability: mass storage, Virtual COM port, and debug port, n=1
2021-05-16 15:37:14,785 [WARN] DbBoardsPdsc:254 - Board NUCLEO-WB15CC: unknown feature type=, name=, username=Comprehensive free software libraries and examples available with the STM32CubeWB MCU Package, n=1
2021-05-16 15:37:14,785 [WARN] DbBoardsPdsc:254 - Board NUCLEO-WB15CC: unknown feature type=, name=, username=Support of a wide choice of Integrated Development Environments (IDEs) including IAR Embedded Workbench, MDK-ARM, STM32CubeIDE, and Mbed Studio, n=1
2021-05-16 15:37:14,788 [WARN] DbBoardsPdsc:254 - Board STM32H7B3I-DK: unknown feature type=Audio, name=, username=Audio stereo codec with Headphone Amp (CS42L51-CNZ), n=1
2021-05-16 15:37:14,788 [WARN] DbBoardsPdsc:254 - Board STM32H735G-DK: unknown feature type=Audio, name=, username=Audio stereo codec with Headphone Amp (WM8994ECS/R), n=1
2021-05-16 15:37:14,788 [WARN] DbBoardsPdsc:254 - Board STM32WB5MM-DK: unknown feature type=, name=, username=Time-of-Flight and gesture-detection sensor, n=1
2021-05-16 15:37:14,789 [WARN] DbBoardsPdsc:254 - Board STM32WB5MM-DK: unknown feature type=, name=, username=3 push-buttons (2 users and 1 reset) and 1 touch key button, n=1
2021-05-16 15:37:14,789 [WARN] DbBoardsPdsc:254 - Board STM32WB5MM-DK: unknown feature type=, name=, username=Flexible power-supply options: ST-LINK/V2-1 USB connector, 5 V delivered by ARDUINO® or external connector, USB charger, or USB power, n=1
2021-05-16 15:37:14,789 [WARN] DbBoardsPdsc:254 - Board STM32WB5MM-DK: unknown feature type=, name=, username=On-board ST-LINK/V2-1 debugger/programmer with USB re-enumeration capability: Virtual COM port and debug port, n=1
2021-05-16 15:37:14,789 [WARN] DbBoardsPdsc:254 - Board STM32WB5MM-DK: unknown feature type=, name=, username=Comprehensive free software libraries and examples available with the STM32CubeWB MCU Package, n=1
2021-05-16 15:37:14,789 [WARN] DbBoardsPdsc:254 - Board STM32WB5MM-DK: unknown feature type=, name=, username=Support of a wide choice of Integrated Development Environments (IDEs) including IAR Embedded Workbench®, MDK-ARM, and STM32CubeIDE, n=1
2021-05-16 15:37:14,791 [WARN] DbBoardsPdsc:254 - Board STM32H7B3I-EVAL: unknown feature type=Audio, name=, username=Multi-Channel Audio Codec (CS42L51-CNZ), n=1
2021-05-16 15:37:14,791 [WARN] DbBoardsPdsc:254 - Board STM32H7B3I-EVAL: unknown feature type=Meter, name=, username=Power-metering and Temperature-monitoring with sigma-delta modulators, n=1
2021-05-16 15:37:14,791 [WARN] DbBoardsPdsc:254 - Board STM32H7B3I-EVAL: unknown feature type=Motor, name=, username=Motor Control, n=1
2021-05-16 15:37:14,811 [INFO] DbBoardsJson:87 - JSON generation date=Thu Feb 04 08:53:45 PST 2021 (1612457625)
2021-05-16 15:37:14,816 [INFO] DbBoards:117 - Found 161 boards (158 are supported by CubeMX)
2021-05-16 15:37:14,826 [INFO] DbBoardsDocs:143 - JSON generation date=Mon Feb 08 05:35:07 PST 2021 (1612791307)
2021-05-16 15:37:14,847 [INFO] DbBoardsDocs:79 - Found 193 boards documents
2021-05-16 15:37:14,847 [WARN] DbBoards:127 - board B-L462E-CELL1 has no document id list !
2021-05-16 15:37:14,847 [WARN] DbBoards:127 - board B-L475E-IOT01A2 has no document id list !
2021-05-16 15:37:14,849 [WARN] DbBoards:127 - board NUCLEO-G0B1RE has no document id list !
2021-05-16 15:37:14,849 [WARN] DbBoards:127 - board NUCLEO-H743ZI2 has no document id list !
2021-05-16 15:37:14,850 [WARN] DbBoards:127 - board NUCLEO-L4A6ZG has no document id list !
2021-05-16 15:37:14,850 [WARN] DbBoards:127 - board NUCLEO-WB15CC has no document id list !
2021-05-16 15:37:14,850 [WARN] DbBoards:127 - board NUCLEO-WB55RG has no document id list !
2021-05-16 15:37:14,850 [WARN] DbBoards:127 - board NUCLEO-WL55JC2 has no document id list !
2021-05-16 15:37:14,850 [WARN] DbBoards:127 - board P-NUCLEO-WB55-Nucleo has no document id list !
2021-05-16 15:37:14,850 [WARN] DbBoards:127 - board P-NUCLEO-WB55-USBDongle has no document id list !
2021-05-16 15:37:14,850 [WARN] DbBoards:127 - board STEVAL-BFA001V1B has no document id list !
2021-05-16 15:37:14,851 [WARN] DbBoards:127 - board STEVAL-BFA001V2B has no document id list !
2021-05-16 15:37:14,851 [WARN] DbBoards:127 - board STEVAL-IDP005V1 has no document id list !
2021-05-16 15:37:14,851 [WARN] DbBoards:127 - board STEVAL-IDP005V2 has no document id list !
2021-05-16 15:37:14,851 [WARN] DbBoards:127 - board STEVAL-MKSBOX1V1 has no document id list !
2021-05-16 15:37:14,851 [WARN] DbBoards:127 - board STEVAL-STWINKT1 has no document id list !
2021-05-16 15:37:14,851 [WARN] DbBoards:127 - board STEVAL-STWINKT1B has no document id list !
2021-05-16 15:37:14,852 [WARN] DbBoards:127 - board STM32F401C-DISCO has no document id list !
2021-05-16 15:37:14,853 [WARN] DbBoards:127 - board STM32F769I-DISC1 has no document id list !
2021-05-16 15:37:14,854 [WARN] DbBoards:127 - board STM32G0C1E-EV has no document id list !
2021-05-16 15:37:14,854 [WARN] DbBoards:127 - board STM32G474E-EVAL1 has no document id list !
2021-05-16 15:37:14,854 [WARN] DbBoards:127 - board STM32H743I-EVAL2 has no document id list !
2021-05-16 15:37:14,854 [WARN] DbBoards:127 - board STM32H747I-DISC1 has no document id list !
2021-05-16 15:37:14,854 [WARN] DbBoards:127 - board STM32H753I-EVAL2 has no document id list !
2021-05-16 15:37:14,855 [WARN] DbBoards:127 - board STM32L-DISCOVERY has no document id list !
2021-05-16 15:37:14,855 [WARN] DbBoards:127 - board STM32MP157A-DK1 has no document id list !
2021-05-16 15:37:14,855 [WARN] DbBoards:127 - board STM32MP157F-DK2 has no document id list !
2021-05-16 15:37:14,855 [WARN] DbBoards:127 - board STM32MP157F-EV1 has no document id list !
2021-05-16 15:37:14,855 [WARN] DbBoards:127 - board STM32WB5MM-DK has no document id list !
2021-05-16 15:37:16,530 [INFO] ApiDb:242 - User favorites file not found: C:\Users\StanPC/.stm32cubeide/favorites.boards.txt
2021-05-16 15:37:16,530 [INFO] DbBoards:206 - Set 0 / 0 favorites Boards
2021-05-16 15:37:37,167 [INFO] MainUpdater:2661 - connection check result : 10
2021-05-16 15:37:37,168 [INFO] MainUpdater:2661 - connection check result : 10
2021-05-16 15:37:37,206 [INFO] MicroXplorer:442 - Change Database Path : 
2021-05-16 15:37:37,207 [INFO] MicroXplorer:472 - Change Database Version : DB.6.0.21
2021-05-16 15:37:37,207 [WARN] ThirdParty:796 - waiting for thirdparty lock release [close project]
2021-05-16 15:37:37,207 [INFO] ThirdParty:798 - entering critical section [close project]
2021-05-16 15:37:37,207 [INFO] ThirdParty:809 - exiting critical section [close project]
2021-05-16 15:37:37,210 [INFO] PinOutPanel:1435 - setPackage(No Configuration,No Configuration)
2021-05-16 15:37:37,211 [INFO] UtilMem:74 - Begin LoadConfig() Used Memory: 515094408 Bytes (698351616)
2021-05-16 15:37:37,213 [INFO] MicroXplorer:442 - Change Database Path : 
2021-05-16 15:37:37,213 [INFO] MicroXplorer:472 - Change Database Version : DB.6.0.21
2021-05-16 15:37:37,213 [INFO] OpenFileManager:303 - Change cursor
2021-05-16 15:37:37,224 [WARN] IntegrityCheckThread:59 - waiting for thirdparty lock release [integrity check]
2021-05-16 15:37:37,224 [INFO] IntegrityCheckThread:61 - entering critical section [integrity check]
2021-05-16 15:37:37,308 [WARN] PackLoader:226 - Cannot read IP mode file for RoweBots.I-CUBE-UNISONRTOS.5.5.0-4
2021-05-16 15:37:37,325 [WARN] PackLoader:226 - Cannot read IP mode file for STMicroelectronics.X-CUBE-SFXS2LP1.3.0.0
2021-05-16 15:37:37,338 [WARN] PackLoader:226 - Cannot read IP mode file for STMicroelectronics.X-CUBE-EEPRMA1.3.0.0
2021-05-16 15:37:37,345 [WARN] PackLoader:226 - Cannot read IP mode file for STMicroelectronics.X-CUBE-BLE1.6.2.0
2021-05-16 15:37:37,351 [WARN] PackLoader:226 - Cannot read IP mode file for STMicroelectronics.X-CUBE-NFC4.2.0.2
2021-05-16 15:37:37,358 [WARN] PackLoader:226 - Cannot read IP mode file for STMicroelectronics.X-CUBE-BLE2.3.2.0
2021-05-16 15:37:37,372 [WARN] PackLoader:226 - Cannot read IP mode file for STMicroelectronics.X-CUBE-SUBG2.4.0.0
2021-05-16 15:37:37,385 [WARN] PackLoader:226 - Cannot read IP mode file for STMicroelectronics.X-CUBE-TOF1.1.0.0
2021-05-16 15:37:37,424 [WARN] PackLoader:226 - Cannot read IP mode file for STMicroelectronics.X-CUBE-AZRTOS-H7.1.0.0
2021-05-16 15:37:37,502 [WARN] PackLoader:226 - Cannot read IP mode file for STMicroelectronics.X-CUBE-MEMS1.8.3.0
2021-05-16 15:37:37,657 [WARN] PackLoader:226 - Cannot read IP mode file for STMicroelectronics.X-CUBE-DISPLAY.1.0.0
2021-05-16 15:37:37,663 [WARN] PackLoader:226 - Cannot read IP mode file for STMicroelectronics.X-CUBE-AI.6.0.0
2021-05-16 15:37:37,669 [WARN] PackLoader:226 - Cannot read IP mode file for STMicroelectronics.X-CUBE-ALGOBUILD.1.2.0
2021-05-16 15:37:37,675 [WARN] PackLoader:226 - Cannot read IP mode file for STMicroelectronics.X-CUBE-GNSS1.5.2.0
2021-05-16 15:37:37,686 [WARN] PackLoader:226 - Cannot read IP mode file for wolfSSL.I-CUBE-wolfSSL.4.7.0
2021-05-16 15:37:37,689 [WARN] PackLoader:226 - Cannot read IP mode file for STMicroelectronics.X-CUBE-TOUCHGFX.4.16.1
2021-05-16 15:37:37,689 [INFO] ThirdParty:900 - Integrity check success = true
2021-05-16 15:37:37,689 [INFO] IntegrityCheckThread:75 - exiting critical section [integrity check]
2021-05-16 15:37:37,689 [INFO] IntegrityCheckThread:78 - End integrity checks thread
2021-05-16 15:37:40,551 [INFO] Context:587 - Trying to add GPIOservice into a context  which must be forbidden
2021-05-16 15:37:41,233 [WARN] ApiManager:294 - Cannot register API 'Board Extension:S2868A1' from pack STMicroelectronics.X-CUBE-SFXS2LP1.3.0.0: no header file found
2021-05-16 15:37:41,233 [WARN] ApiManager:294 - Cannot register API 'Board Extension:S2868A2' from pack STMicroelectronics.X-CUBE-SFXS2LP1.3.0.0: no header file found
2021-05-16 15:37:41,234 [WARN] ApiManager:294 - Cannot register API 'Board Extension:S2915A1' from pack STMicroelectronics.X-CUBE-SFXS2LP1.3.0.0: no header file found
2021-05-16 15:37:41,237 [WARN] ModelIntegratedComponent:51 - No mode defined for component null
2021-05-16 15:37:41,237 [WARN] ModelIntegratedComponent:51 - No mode defined for component null
2021-05-16 15:37:41,237 [WARN] ModelIntegratedComponent:51 - No mode defined for component null
2021-05-16 15:37:41,238 [WARN] ModelIntegratedComponent:51 - No mode defined for component null
2021-05-16 15:37:41,238 [WARN] ModelIntegratedComponent:51 - No mode defined for component null
2021-05-16 15:37:41,238 [WARN] ModelIntegratedComponent:51 - No mode defined for component null
2021-05-16 15:37:41,238 [WARN] ModelIntegratedComponent:51 - No mode defined for component null
2021-05-16 15:37:41,238 [WARN] ModelIntegratedComponent:51 - No mode defined for component null
2021-05-16 15:37:41,238 [WARN] ModelIntegratedComponent:51 - No mode defined for component null
2021-05-16 15:37:41,238 [WARN] ModelIntegratedComponent:51 - No mode defined for component null
2021-05-16 15:37:41,238 [WARN] ModelIntegratedComponent:51 - No mode defined for component null
2021-05-16 15:37:41,238 [WARN] ModelIntegratedComponent:51 - No mode defined for component null
2021-05-16 15:37:41,239 [WARN] ModelIntegratedComponent:51 - No mode defined for component null
2021-05-16 15:37:41,239 [WARN] ModelIntegratedComponent:51 - No mode defined for component null
2021-05-16 15:37:41,239 [WARN] ModelIntegratedComponent:51 - No mode defined for component null
2021-05-16 15:37:41,239 [WARN] ModelIntegratedComponent:51 - No mode defined for component null
2021-05-16 15:37:41,239 [WARN] ModelIntegratedComponent:51 - No mode defined for component null
2021-05-16 15:37:41,239 [WARN] ModelIntegratedComponent:51 - No mode defined for component null
2021-05-16 15:37:41,239 [WARN] ModelIntegratedComponent:51 - No mode defined for component null
2021-05-16 15:37:41,240 [WARN] ModelIntegratedComponent:51 - No mode defined for component null
2021-05-16 15:37:41,240 [WARN] ModelIntegratedComponent:51 - No mode defined for component null
2021-05-16 15:37:41,240 [WARN] ModelIntegratedComponent:51 - No mode defined for component null
2021-05-16 15:37:41,240 [WARN] ModelIntegratedComponent:51 - No mode defined for component null
2021-05-16 15:37:41,240 [WARN] ModelIntegratedComponent:51 - No mode defined for component null
2021-05-16 15:37:41,240 [WARN] ModelIntegratedComponent:51 - No mode defined for component null
2021-05-16 15:37:41,240 [WARN] ModelIntegratedComponent:51 - No mode defined for component null
2021-05-16 15:37:41,240 [WARN] ModelIntegratedComponent:51 - No mode defined for component null
2021-05-16 15:37:41,253 [WARN] ApiManager:294 - Cannot register API 'Board Extension:S2868A1' from pack STMicroelectronics.X-CUBE-SUBG2.4.0.0: no header file found
2021-05-16 15:37:41,254 [WARN] ApiManager:294 - Cannot register API 'Board Extension:S2868A2' from pack STMicroelectronics.X-CUBE-SUBG2.4.0.0: no header file found
2021-05-16 15:37:41,254 [WARN] ApiManager:294 - Cannot register API 'Board Extension:S2915A1' from pack STMicroelectronics.X-CUBE-SUBG2.4.0.0: no header file found
2021-05-16 15:37:41,264 [WARN] ApiManager:294 - Cannot register API 'Board Extension:EEPRMA1' from pack STMicroelectronics.X-CUBE-EEPRMA1.3.0.0: no header file found
2021-05-16 15:37:41,265 [WARN] ApiManager:294 - Cannot register API 'Board Extension:EEPRMA2' from pack STMicroelectronics.X-CUBE-EEPRMA1.3.0.0: no header file found
2021-05-16 15:37:41,401 [WARN] ApiManager:294 - Cannot register API 'Board Extension:IKS01A3' from pack STMicroelectronics.X-CUBE-MEMS1.8.3.0: no header file found
2021-05-16 15:37:41,402 [WARN] ApiManager:294 - Cannot register API 'Board Extension:IKS01A2' from pack STMicroelectronics.X-CUBE-MEMS1.8.3.0: no header file found
2021-05-16 15:37:41,402 [WARN] ApiManager:294 - Cannot register API 'Board Extension:IKS02A1' from pack STMicroelectronics.X-CUBE-MEMS1.8.3.0: no header file found
2021-05-16 15:37:41,412 [INFO] RtosManager:470 - Registered RTOS mode: class=CMSIS, group=RTOS, mode=CMSIS_V1, owner=FREERTOS
2021-05-16 15:37:41,413 [INFO] RtosManager:470 - Registered RTOS mode: class=CMSIS, group=RTOS2, mode=CMSIS_V2, owner=FREERTOS
2021-05-16 15:37:41,413 [INFO] RtosManager:470 - Registered RTOS mode: class=RTOS, group=Core, mode=CMSIS_V1, owner=FREERTOS
2021-05-16 15:37:41,413 [INFO] RtosManager:470 - Registered RTOS mode: class=RTOS, group=Core, mode=CMSIS_V2, owner=FREERTOS
2021-05-16 15:37:41,414 [WARN] ModelIntegratedComponent:182 - Missing modes for component STMicroelectronics:FreeRTOS:0.0.1:STMicroelectronics:RTOS:FreeRTOS:Core:::10.2.0:
2021-05-16 15:37:41,416 [WARN] ApiManager:294 - Cannot register API 'Board Extension:GNSS1A1' from pack STMicroelectronics.X-CUBE-GNSS1.5.2.0: no header file found
2021-05-16 15:37:41,416 [WARN] ApiManager:294 - Cannot register API 'Board Support:Custom' from pack STMicroelectronics.X-CUBE-GNSS1.5.2.0: no header file found
2021-05-16 15:37:41,416 [WARN] ApiManager:294 - Cannot register API 'Data Exchange:lib_gnss' from pack STMicroelectronics.X-CUBE-GNSS1.5.2.0: no header file found
2021-05-16 15:37:41,417 [WARN] ApiManager:294 - Cannot register API 'Wireless:BlueNRG-MS' from pack STMicroelectronics.X-CUBE-BLE1.6.2.0: no header file found
2021-05-16 15:37:41,418 [WARN] ApiManager:294 - Cannot register API 'Board Extension:NFC04A1' from pack STMicroelectronics.X-CUBE-NFC4.2.0.2: no header file found
2021-05-16 15:37:41,419 [WARN] ApiManager:294 - Cannot register API 'Wireless:BlueNRG-2' from pack STMicroelectronics.X-CUBE-BLE2.3.2.0: no header file found
2021-05-16 15:37:41,790 [INFO] ImportTextPane:162 - (OptionalMessage_ERROR) IP (RCC) : Invalid parameter (ADC12outputFreq_Value)
2021-05-16 15:37:41,790 [INFO] ImportTextPane:162 - (OptionalMessage_ERROR) IP (RCC) : Invalid parameter (ADC34outputFreq_Value)
2021-05-16 15:37:41,791 [INFO] ImportTextPane:162 - (OptionalMessage_ERROR) IP (RCC) : Invalid parameter (FamilyName)
2021-05-16 15:37:41,791 [INFO] ImportTextPane:162 - (OptionalMessage_ERROR) IP (RCC) : Invalid parameter (I2C1Freq_Value)
2021-05-16 15:37:41,791 [INFO] ImportTextPane:162 - (OptionalMessage_ERROR) IP (RCC) : Invalid parameter (I2C2Freq_Value)
2021-05-16 15:37:41,791 [INFO] ImportTextPane:162 - (OptionalMessage_ERROR) IP (RCC) : Invalid parameter (I2C3Freq_Value)
2021-05-16 15:37:41,791 [INFO] ImportTextPane:162 - (OptionalMessage_ERROR) IP (RCC) : Parameter (MCO2PinFreq_Value) has invalid value (168000000)
2021-05-16 15:37:41,791 [INFO] ImportTextPane:162 - (OptionalMessage_ERROR) IP (RCC) : Invalid parameter (MCOFreq_Value)
2021-05-16 15:37:41,792 [INFO] ImportTextPane:162 - (OptionalMessage_ERROR) IP (RCC) : Invalid parameter (PLLMCOFreq_Value)
2021-05-16 15:37:41,794 [INFO] ImportTextPane:162 - (OptionalMessage_ERROR) IP (RCC) : Invalid parameter (PLLMUL)
2021-05-16 15:37:41,795 [INFO] ImportTextPane:162 - (OptionalMessage_ERROR) IP (RCC) : Invalid parameter (PRESCALERUSB)
2021-05-16 15:37:41,795 [INFO] ImportTextPane:162 - (OptionalMessage_ERROR) IP (RCC) : Parameter (RTCHSEDivFreq_Value) has invalid value (4000000)
2021-05-16 15:37:41,795 [INFO] ImportTextPane:162 - (OptionalMessage_ERROR) IP (RCC) : Invalid parameter (SYSCLKSourceVirtual)
2021-05-16 15:37:41,795 [INFO] ImportTextPane:162 - (OptionalMessage_ERROR) IP (RCC) : Invalid parameter (TIM15Freq_Value)
2021-05-16 15:37:41,795 [INFO] ImportTextPane:162 - (OptionalMessage_ERROR) IP (RCC) : Invalid parameter (TIM16Freq_Value)
2021-05-16 15:37:41,796 [INFO] ImportTextPane:162 - (OptionalMessage_ERROR) IP (RCC) : Invalid parameter (TIM17Freq_Value)
2021-05-16 15:37:41,796 [INFO] ImportTextPane:162 - (OptionalMessage_ERROR) IP (RCC) : Invalid parameter (TIM1Freq_Value)
2021-05-16 15:37:41,796 [INFO] ImportTextPane:162 - (OptionalMessage_ERROR) IP (RCC) : Invalid parameter (TIM20Freq_Value)
2021-05-16 15:37:41,796 [INFO] ImportTextPane:162 - (OptionalMessage_ERROR) IP (RCC) : Invalid parameter (TIM2Freq_Value)
2021-05-16 15:37:41,796 [INFO] ImportTextPane:162 - (OptionalMessage_ERROR) IP (RCC) : Invalid parameter (TIM3Freq_Value)
2021-05-16 15:37:41,796 [INFO] ImportTextPane:162 - (OptionalMessage_ERROR) IP (RCC) : Invalid parameter (TIM8Freq_Value)
2021-05-16 15:37:41,796 [INFO] ImportTextPane:162 - (OptionalMessage_ERROR) IP (RCC) : Invalid parameter (UART4Freq_Value)
2021-05-16 15:37:41,796 [INFO] ImportTextPane:162 - (OptionalMessage_ERROR) IP (RCC) : Invalid parameter (UART5Freq_Value)
2021-05-16 15:37:41,797 [INFO] ImportTextPane:162 - (OptionalMessage_ERROR) IP (RCC) : Invalid parameter (USART1Freq_Value)
2021-05-16 15:37:41,797 [INFO] ImportTextPane:162 - (OptionalMessage_ERROR) IP (RCC) : Invalid parameter (USART2Freq_Value)
2021-05-16 15:37:41,797 [INFO] ImportTextPane:162 - (OptionalMessage_ERROR) IP (RCC) : Invalid parameter (USART3Freq_Value)
2021-05-16 15:37:41,797 [INFO] ImportTextPane:162 - (OptionalMessage_ERROR) IP (RCC) : Invalid parameter (USBFreq_Value)
2021-05-16 15:37:41,798 [INFO] ImportTextPane:162 - (OptionalMessage_ERROR) IP (RCC) : Invalid parameter (VCOOutput2Freq_Value)
2021-05-16 15:37:42,181 [INFO] UtilMem:74 - End LoadConfig() Used Memory: 513181328 Bytes (698351616)
2021-05-16 15:37:42,185 [WARN] ThirdParty:762 - waiting for thirdparty lock release [change project]
2021-05-16 15:37:42,185 [INFO] ThirdParty:764 - entering critical section [change project]
2021-05-16 15:37:42,185 [INFO] ThirdParty:952 - CMSIS Pack Vendor :RoweBots I-CUBE-UNISONRTOS 5.5.0-4
2021-05-16 15:37:42,185 [INFO] ThirdParty:952 - CMSIS Pack Vendor :STMicroelectronics X-CUBE-SFXS2LP1 3.0.0
2021-05-16 15:37:42,185 [INFO] ThirdParty:952 - CMSIS Pack Vendor :STMicroelectronics USB_HOST 2.0.0
2021-05-16 15:37:42,186 [INFO] ThirdParty:952 - CMSIS Pack Vendor :STMicroelectronics USB_DEVICE 3.0.0
2021-05-16 15:37:42,186 [INFO] ThirdParty:952 - CMSIS Pack Vendor :STMicroelectronics HAL Drivers 0.0.0
2021-05-16 15:37:42,186 [INFO] ThirdParty:952 - CMSIS Pack Vendor :STMicroelectronics MBEDTLS 2.16.2
2021-05-16 15:37:42,186 [INFO] ThirdParty:952 - CMSIS Pack Vendor :STMicroelectronics MBEDTLS 2.14.1
2021-05-16 15:37:42,186 [INFO] ThirdParty:952 - CMSIS Pack Vendor :STMicroelectronics X-CUBE-SUBG2 4.0.0
2021-05-16 15:37:42,186 [INFO] ThirdParty:952 - CMSIS Pack Vendor :STMicroelectronics X-CUBE-TOF1 1.0.0
2021-05-16 15:37:42,186 [INFO] ThirdParty:952 - CMSIS Pack Vendor :STMicroelectronics X-CUBE-AZRTOS-H7 1.0.0
2021-05-16 15:37:42,186 [INFO] ThirdParty:952 - CMSIS Pack Vendor :STMicroelectronics USB_DEVICE 2.0.0
2021-05-16 15:37:42,186 [INFO] ThirdParty:952 - CMSIS Pack Vendor :STMicroelectronics X-CUBE-EEPRMA1 3.0.0
2021-05-16 15:37:42,186 [INFO] ThirdParty:952 - CMSIS Pack Vendor :STMicroelectronics X-CUBE-MEMS1 8.3.0
2021-05-16 15:37:42,186 [INFO] ThirdParty:952 - CMSIS Pack Vendor :STMicroelectronics X-CUBE-DISPLAY 1.0.0
2021-05-16 15:37:42,186 [INFO] ThirdParty:952 - CMSIS Pack Vendor :STMicroelectronics FreeRTOS 0.0.1
2021-05-16 15:37:42,187 [INFO] ThirdParty:952 - CMSIS Pack Vendor :STMicroelectronics USB_DEVICE 1.0.0
2021-05-16 15:37:42,187 [INFO] ThirdParty:952 - CMSIS Pack Vendor :STMicroelectronics X-CUBE-AI 6.0.0
2021-05-16 15:37:42,187 [INFO] ThirdParty:952 - CMSIS Pack Vendor :STMicroelectronics X-CUBE-ALGOBUILD 1.2.0
2021-05-16 15:37:42,187 [INFO] ThirdParty:952 - CMSIS Pack Vendor :STMicroelectronics X-CUBE-GNSS1 5.2.0
2021-05-16 15:37:42,187 [INFO] ThirdParty:952 - CMSIS Pack Vendor :STMicroelectronics lwIP 2.0.3
2021-05-16 15:37:42,187 [INFO] ThirdParty:952 - CMSIS Pack Vendor :STMicroelectronics lwIP 2.1.2
2021-05-16 15:37:42,187 [INFO] ThirdParty:952 - CMSIS Pack Vendor :STMicroelectronics X-CUBE-BLE1 6.2.0
2021-05-16 15:37:42,187 [INFO] ThirdParty:952 - CMSIS Pack Vendor :STMicroelectronics USB_HOST 1.0.0
2021-05-16 15:37:42,187 [INFO] ThirdParty:952 - CMSIS Pack Vendor :STMicroelectronics X-CUBE-NFC4 2.0.2
2021-05-16 15:37:42,187 [INFO] ThirdParty:952 - CMSIS Pack Vendor :wolfSSL I-CUBE-wolfSSL 4.7.0
2021-05-16 15:37:42,187 [INFO] ThirdParty:952 - CMSIS Pack Vendor :STMicroelectronics X-CUBE-TOUCHGFX 4.16.1
2021-05-16 15:37:42,187 [INFO] ThirdParty:952 - CMSIS Pack Vendor :STMicroelectronics PDM2PCM 3.1.0
2021-05-16 15:37:42,187 [INFO] ThirdParty:952 - CMSIS Pack Vendor :STMicroelectronics PDM2PCM 3.2.0
2021-05-16 15:37:42,187 [INFO] ThirdParty:952 - CMSIS Pack Vendor :STMicroelectronics PDM2PCM 3.3.0
2021-05-16 15:37:42,188 [INFO] ThirdParty:952 - CMSIS Pack Vendor :STMicroelectronics X-CUBE-BLE2 3.2.0
2021-05-16 15:37:42,188 [INFO] ThirdParty:770 - exiting critical section [change project]
2021-05-16 15:37:42,640 [INFO] PinOutPanel:1435 - setPackage(No Configuration,No Configuration)
2021-05-16 15:37:42,642 [INFO] PinOutPanel:1435 - setPackage(STM32F429ZITx,LQFP144)
2021-05-16 15:37:43,144 [INFO] UtilMem:74 - Before build in PCC Used Memory: 543665152 Bytes (698351616)
2021-05-16 15:37:43,537 [INFO] SharedServices:72 - Folder for power plug-in: C:/Users/StanPC/.stm32cubemx/plugins/power
2021-05-16 15:37:43,573 [INFO] SharedServices:72 - Folder for power plug-in: C:/Users/StanPC/.stm32cubemx/plugins/power
2021-05-16 15:37:43,633 [INFO] SharedServices:72 - Folder for power plug-in: C:/Users/StanPC/.stm32cubemx/plugins/power
2021-05-16 15:37:43,639 [INFO] SharedServices:72 - Folder for power plug-in: C:/Users/StanPC/.stm32cubemx/plugins/power
2021-05-16 15:37:43,785 [INFO] UtilMem:74 - After build in PCC Used Memory: 521330872 Bytes (698351616)
2021-05-16 15:37:43,823 [INFO] IPUIPlugin:64 - create IPUIPlugin
2021-05-16 15:37:43,823 [INFO] IPUIPlugin:64 - create IPUIPlugin
2021-05-16 15:37:43,823 [INFO] IPUIPlugin:64 - create IPUIPlugin
2021-05-16 15:37:43,823 [INFO] IPUIPlugin:64 - create IPUIPlugin
2021-05-16 15:37:43,823 [INFO] IPUIPlugin:64 - create IPUIPlugin
2021-05-16 15:37:43,824 [INFO] IPUIPlugin:64 - create IPUIPlugin
2021-05-16 15:37:43,824 [INFO] IPUIPlugin:64 - create IPUIPlugin
2021-05-16 15:37:43,824 [INFO] IPUIPlugin:64 - create IPUIPlugin
2021-05-16 15:37:43,824 [INFO] IPUIPlugin:64 - create IPUIPlugin
2021-05-16 15:37:43,824 [INFO] IPUIPlugin:64 - create IPUIPlugin
2021-05-16 15:37:43,825 [INFO] IPUIPlugin:64 - create IPUIPlugin
2021-05-16 15:37:43,825 [INFO] IPUIPlugin:64 - create IPUIPlugin
2021-05-16 15:37:43,825 [INFO] IPUIPlugin:64 - create IPUIPlugin
2021-05-16 15:37:43,825 [INFO] IPUIPlugin:64 - create IPUIPlugin
2021-05-16 15:37:43,825 [INFO] IPUIPlugin:64 - create IPUIPlugin
2021-05-16 15:37:43,825 [INFO] IPUIPlugin:64 - create IPUIPlugin
2021-05-16 15:37:43,825 [INFO] IPUIPlugin:64 - create IPUIPlugin
2021-05-16 15:37:43,826 [INFO] IPUIPlugin:64 - create IPUIPlugin
2021-05-16 15:37:43,826 [INFO] IPUIPlugin:64 - create IPUIPlugin
2021-05-16 15:37:43,826 [INFO] IPUIPlugin:64 - create IPUIPlugin
2021-05-16 15:37:43,826 [INFO] IPUIPlugin:64 - create IPUIPlugin
2021-05-16 15:37:43,827 [INFO] IPUIPlugin:64 - create IPUIPlugin
2021-05-16 15:37:43,827 [INFO] IPUIPlugin:64 - create IPUIPlugin
2021-05-16 15:37:43,827 [INFO] IPUIPlugin:64 - create IPUIPlugin
2021-05-16 15:37:43,827 [INFO] IPUIPlugin:64 - create IPUIPlugin
2021-05-16 15:37:43,828 [INFO] IPUIPlugin:64 - create IPUIPlugin
2021-05-16 15:37:43,828 [INFO] IPUIPlugin:64 - create IPUIPlugin
2021-05-16 15:37:43,828 [INFO] IPUIPlugin:64 - create IPUIPlugin
2021-05-16 15:37:43,829 [INFO] IPUIPlugin:64 - create IPUIPlugin
2021-05-16 15:37:43,829 [INFO] IPUIPlugin:64 - create IPUIPlugin
2021-05-16 15:37:43,830 [INFO] IPUIPlugin:64 - create IPUIPlugin
2021-05-16 15:37:43,831 [INFO] IPUIPlugin:64 - create IPUIPlugin
2021-05-16 15:37:43,831 [INFO] IPUIPlugin:64 - create IPUIPlugin
2021-05-16 15:37:43,832 [INFO] IPUIPlugin:64 - create IPUIPlugin
2021-05-16 15:37:43,833 [INFO] IPUIPlugin:64 - create IPUIPlugin
2021-05-16 15:37:43,833 [INFO] IPUIPlugin:64 - create IPUIPlugin
2021-05-16 15:37:43,834 [INFO] IPUIPlugin:64 - create IPUIPlugin
2021-05-16 15:37:43,835 [INFO] IPUIPlugin:64 - create IPUIPlugin
2021-05-16 15:37:43,836 [INFO] IPUIPlugin:64 - create IPUIPlugin
2021-05-16 15:37:43,838 [INFO] IPUIPlugin:64 - create IPUIPlugin
2021-05-16 15:37:43,840 [INFO] IPUIPlugin:64 - create IPUIPlugin
2021-05-16 15:37:43,841 [INFO] IPUIPlugin:64 - create IPUIPlugin
2021-05-16 15:37:43,841 [INFO] IPUIPlugin:64 - create IPUIPlugin
2021-05-16 15:37:43,842 [INFO] IPUIPlugin:64 - create IPUIPlugin
2021-05-16 15:37:43,843 [INFO] IPUIPlugin:64 - create IPUIPlugin
2021-05-16 15:37:43,844 [INFO] IPUIPlugin:64 - create IPUIPlugin
2021-05-16 15:37:43,845 [INFO] IPUIPlugin:64 - create IPUIPlugin
2021-05-16 15:37:43,845 [INFO] IPUIPlugin:64 - create IPUIPlugin
2021-05-16 15:37:43,846 [INFO] IPUIPlugin:64 - create IPUIPlugin
2021-05-16 15:37:43,847 [INFO] IPUIPlugin:64 - create IPUIPlugin
2021-05-16 15:37:43,847 [INFO] IPUIPlugin:64 - create IPUIPlugin
2021-05-16 15:37:43,848 [INFO] IPUIPlugin:64 - create IPUIPlugin
2021-05-16 15:37:43,848 [INFO] IPUIPlugin:64 - create IPUIPlugin
2021-05-16 15:37:43,849 [INFO] IPUIPlugin:64 - create IPUIPlugin
2021-05-16 15:37:43,849 [INFO] IPUIPlugin:64 - create IPUIPlugin
2021-05-16 15:37:43,850 [INFO] IPUIPlugin:64 - create IPUIPlugin
2021-05-16 15:37:43,851 [INFO] IPUIPlugin:64 - create IPUIPlugin
2021-05-16 15:37:43,852 [INFO] IPUIPlugin:64 - create IPUIPlugin
2021-05-16 15:37:43,852 [INFO] IPUIPlugin:64 - create IPUIPlugin
2021-05-16 15:37:43,853 [INFO] IPUIPlugin:64 - create IPUIPlugin
2021-05-16 15:37:43,854 [INFO] IPUIPlugin:64 - create IPUIPlugin
2021-05-16 15:37:43,855 [INFO] IPUIPlugin:64 - create IPUIPlugin
2021-05-16 15:37:43,855 [INFO] IPUIPlugin:64 - create IPUIPlugin
2021-05-16 15:37:43,856 [INFO] IPUIPlugin:64 - create IPUIPlugin
2021-05-16 15:37:43,857 [INFO] IPUIPlugin:64 - create IPUIPlugin
2021-05-16 15:37:43,857 [INFO] IPUIPlugin:64 - create IPUIPlugin
2021-05-16 15:37:43,902 [INFO] ApiDbMcu:458 - Load IP Config File for PDM2PCM
2021-05-16 15:37:43,931 [INFO] LogOutputStream:76 - [STDOUT_REDIRECT] toolchainItems.length=====1
2021-05-16 15:37:44,033 [INFO] OpenFileManager:323 - Restore cursor
2021-05-16 15:37:44,478 [INFO] UtilMem:74 - End SaveConfig() Used Memory: 547348984 Bytes (698351616)
2021-05-16 15:37:44,608 [INFO] UtilMem:74 - End SaveConfig() Used Memory: 560454136 Bytes (698351616)
2021-05-16 15:37:44,977 [INFO] BlockDiagram:2735 - set Specific Code input for plugin: SYS
2021-05-16 15:37:44,977 [INFO] BlockDiagram:2735 - set Specific Code input for plugin: RCC
2021-05-16 15:37:44,978 [INFO] BlockDiagram:2735 - set Specific Code input for plugin: USB_OTG_FS
2021-05-16 15:37:44,978 [INFO] BlockDiagram:2735 - set Specific Code input for plugin: NVIC
2021-05-16 15:37:44,978 [INFO] BlockDiagram:2735 - set Specific Code input for plugin: USART
2021-05-16 15:37:44,978 [INFO] BlockDiagram:2735 - set Specific Code input for plugin: GPIO
2021-05-16 15:37:44,979 [INFO] BlockDiagram:2735 - set Specific Code input for plugin: ETH
2021-05-16 15:37:44,980 [INFO] CodeGenerator:641 - code generatio: config db path: F:\engineering\STI\theirstuff\IDE\STM32CubeIDE_1.6.1\STM32CubeIDE\plugins\com.st.stm32cube.common.mx_6.2.1.202103241236\\db\
2021-05-16 15:37:45,744 [INFO] CodeEngine:229 - oldGeneratedFile, F:\engineering\codespace\MCUReview\Blinky_F429ZI\F429ZI_Blinky\MXTmpFiles\license.tmp_save
2021-05-16 15:37:46,073 [INFO] CodeEngine:247 - Generated code: F:\engineering\codespace\MCUReview\Blinky_F429ZI\F429ZI_Blinky\MXTmpFiles\license.tmp
2021-05-16 15:37:46,184 [INFO] CodeEngine:229 - oldGeneratedFile, F:\engineering\codespace\MCUReview\Blinky_F429ZI\F429ZI_Blinky\MXTmpFiles\gpio.tmp_save
2021-05-16 15:37:46,307 [INFO] CodeEngine:247 - Generated code: F:\engineering\codespace\MCUReview\Blinky_F429ZI\F429ZI_Blinky\MXTmpFiles\gpio.tmp
2021-05-16 15:37:46,633 [INFO] LogOutputStream:76 - [STDOUT_REDIRECT] Command line
2021-05-16 15:37:46,634 [INFO] LogOutputStream:76 - [STDOUT_REDIRECT] Command line
2021-05-16 15:37:46,635 [INFO] LogOutputStream:76 - [STDOUT_REDIRECT] Command line
2021-05-16 15:37:46,651 [INFO] CodeEngine:229 - oldGeneratedFile, F:\engineering\codespace\MCUReview\Blinky_F429ZI\F429ZI_Blinky\Core\Src\stm32f4xx_it.c_save
2021-05-16 15:37:46,750 [INFO] CodeEngine:247 - Generated code: F:\engineering\codespace\MCUReview\Blinky_F429ZI\F429ZI_Blinky\Core\Src\stm32f4xx_it.c
2021-05-16 15:37:46,755 [INFO] CodeEngine:229 - oldGeneratedFile, F:\engineering\codespace\MCUReview\Blinky_F429ZI\F429ZI_Blinky\Core\Inc\stm32f4xx_it.h_save
2021-05-16 15:37:46,818 [INFO] CodeEngine:247 - Generated code: F:\engineering\codespace\MCUReview\Blinky_F429ZI\F429ZI_Blinky\Core\Inc\stm32f4xx_it.h
2021-05-16 15:37:46,833 [INFO] CodeEngine:229 - oldGeneratedFile, F:\engineering\codespace\MCUReview\Blinky_F429ZI\F429ZI_Blinky\Core\Src\stm32f4xx_hal_msp.c_save
2021-05-16 15:37:46,950 [INFO] CodeEngine:247 - Generated code: F:\engineering\codespace\MCUReview\Blinky_F429ZI\F429ZI_Blinky\Core\Src\stm32f4xx_hal_msp.c
2021-05-16 15:37:46,957 [INFO] CodeEngine:229 - oldGeneratedFile, F:\engineering\codespace\MCUReview\Blinky_F429ZI\F429ZI_Blinky\MXTmpFiles\system.tmp_save
2021-05-16 15:37:47,040 [INFO] CodeEngine:247 - Generated code: F:\engineering\codespace\MCUReview\Blinky_F429ZI\F429ZI_Blinky\MXTmpFiles\system.tmp
2021-05-16 15:37:47,052 [INFO] CodeEngine:229 - oldGeneratedFile, F:\engineering\codespace\MCUReview\Blinky_F429ZI\F429ZI_Blinky\Core\Inc\stm32f4xx_hal_conf.h_save
2021-05-16 15:37:47,144 [INFO] CodeEngine:247 - Generated code: F:\engineering\codespace\MCUReview\Blinky_F429ZI\F429ZI_Blinky\Core\Inc\stm32f4xx_hal_conf.h
2021-05-16 15:37:47,199 [WARN] IPConfigManager:2976 - IP not found : USB_OTG
2021-05-16 15:37:47,200 [WARN] CodeGenerator:3191 - IP not found : null
2021-05-16 15:37:47,210 [INFO] CodeEngine:229 - oldGeneratedFile, F:\engineering\codespace\MCUReview\Blinky_F429ZI\F429ZI_Blinky\Core\Inc\main.h_save
2021-05-16 15:37:47,280 [INFO] CodeEngine:247 - Generated code: F:\engineering\codespace\MCUReview\Blinky_F429ZI\F429ZI_Blinky\Core\Inc\main.h
2021-05-16 15:37:47,285 [INFO] CodeEngine:229 - oldGeneratedFile, F:\engineering\codespace\MCUReview\Blinky_F429ZI\F429ZI_Blinky\Core\Src\main.c_save
2021-05-16 15:37:47,417 [INFO] CodeEngine:247 - Generated code: F:\engineering\codespace\MCUReview\Blinky_F429ZI\F429ZI_Blinky\Core\Src\main.c
2021-05-16 15:37:48,175 [INFO] ProjectBuilder:2460 - Time for Copy HAL[1] : 102mS.
2021-05-16 15:37:48,182 [INFO] ProjectBuilder:3418 - Project Generator version: 3.13.0-B3
2021-05-16 15:37:48,644 [INFO] ConfigFileManager:1242 - The Die is : DIE419
2021-05-16 15:37:48,681 [INFO] ApiDbMcu:458 - Load IP Config File for FATFS
2021-05-16 15:37:48,725 [INFO] ApiDbMcu:458 - Load IP Config File for FREERTOS
2021-05-16 15:37:48,747 [INFO] ApiDbMcu:458 - Load IP Config File for LIBJPEG
2021-05-16 15:37:48,844 [INFO] ApiDbMcu:458 - Load IP Config File for LWIP
2021-05-16 15:37:48,889 [INFO] ApiDbMcu:458 - Load IP Config File for MBEDTLS
2021-05-16 15:37:48,972 [INFO] ApiDbMcu:458 - Load IP Config File for USB_DEVICE
2021-05-16 15:37:48,991 [INFO] ApiDbMcu:458 - Load IP Config File for USB_HOST
2021-05-16 15:37:55,322 [INFO] ProjectBuilder:3584 - Time for Generating toolchain IDE Files: 7140mS.
2021-05-16 15:37:55,323 [INFO] ProjectBuilder:2339 - Time for Copy CMSIS : 1mS.
2021-05-16 15:37:55,324 [INFO] ProjectBuilder:2339 - Time for Copy CMSIS : 0mS.
2021-05-16 15:37:56,242 [INFO] ApiDb:276 - Save user favorites file C:\Users\StanPC/.stm32cubeide/favorites.mcus.txt: 0 item(s)
2021-05-16 15:37:56,242 [INFO] ApiDb:280 - User favorites MCUs=[]
2021-05-16 16:08:50,844 [INFO] UtilMem:74 - End SaveConfig() Used Memory: 406506440 Bytes (891289600)
2021-05-16 16:08:52,308 [INFO] UtilMem:74 - End SaveConfig() Used Memory: 430099440 Bytes (891289600)
2021-05-16 16:08:57,165 [INFO] UtilMem:74 - End SaveConfig() Used Memory: 465159072 Bytes (891289600)
2021-05-16 16:08:57,513 [INFO] BlockDiagram:2735 - set Specific Code input for plugin: SYS
2021-05-16 16:08:57,513 [INFO] BlockDiagram:2735 - set Specific Code input for plugin: RCC
2021-05-16 16:08:57,513 [INFO] BlockDiagram:2735 - set Specific Code input for plugin: USB_OTG_FS
2021-05-16 16:08:57,514 [INFO] BlockDiagram:2735 - set Specific Code input for plugin: NVIC
2021-05-16 16:08:57,514 [INFO] BlockDiagram:2735 - set Specific Code input for plugin: USART
2021-05-16 16:08:57,516 [INFO] BlockDiagram:2735 - set Specific Code input for plugin: GPIO
2021-05-16 16:08:57,516 [INFO] BlockDiagram:2735 - set Specific Code input for plugin: ETH
2021-05-16 16:08:57,517 [INFO] CodeGenerator:641 - code generatio: config db path: F:\engineering\STI\theirstuff\IDE\STM32CubeIDE_1.6.1\STM32CubeIDE\plugins\com.st.stm32cube.common.mx_6.2.1.202103241236\\db\
2021-05-16 16:08:58,240 [INFO] CodeEngine:229 - oldGeneratedFile, F:\engineering\codespace\MCUReview\Blinky_F429ZI\F429ZI_Blinky\MXTmpFiles\license.tmp_save
2021-05-16 16:08:58,353 [INFO] CodeEngine:247 - Generated code: F:\engineering\codespace\MCUReview\Blinky_F429ZI\F429ZI_Blinky\MXTmpFiles\license.tmp
2021-05-16 16:08:58,405 [INFO] CodeEngine:229 - oldGeneratedFile, F:\engineering\codespace\MCUReview\Blinky_F429ZI\F429ZI_Blinky\MXTmpFiles\gpio.tmp_save
2021-05-16 16:08:58,458 [INFO] CodeEngine:247 - Generated code: F:\engineering\codespace\MCUReview\Blinky_F429ZI\F429ZI_Blinky\MXTmpFiles\gpio.tmp
2021-05-16 16:08:58,600 [INFO] LogOutputStream:76 - [STDOUT_REDIRECT] Command line
2021-05-16 16:08:58,600 [INFO] LogOutputStream:76 - [STDOUT_REDIRECT] Command line
2021-05-16 16:08:58,602 [INFO] LogOutputStream:76 - [STDOUT_REDIRECT] Command line
2021-05-16 16:08:58,622 [INFO] CodeEngine:229 - oldGeneratedFile, F:\engineering\codespace\MCUReview\Blinky_F429ZI\F429ZI_Blinky\Core\Src\stm32f4xx_it.c_save
2021-05-16 16:08:58,698 [INFO] CodeEngine:247 - Generated code: F:\engineering\codespace\MCUReview\Blinky_F429ZI\F429ZI_Blinky\Core\Src\stm32f4xx_it.c
2021-05-16 16:08:58,703 [INFO] CodeEngine:229 - oldGeneratedFile, F:\engineering\codespace\MCUReview\Blinky_F429ZI\F429ZI_Blinky\Core\Inc\stm32f4xx_it.h_save
2021-05-16 16:08:58,752 [INFO] CodeEngine:247 - Generated code: F:\engineering\codespace\MCUReview\Blinky_F429ZI\F429ZI_Blinky\Core\Inc\stm32f4xx_it.h
2021-05-16 16:08:58,768 [INFO] CodeEngine:229 - oldGeneratedFile, F:\engineering\codespace\MCUReview\Blinky_F429ZI\F429ZI_Blinky\Core\Src\stm32f4xx_hal_msp.c_save
2021-05-16 16:08:58,894 [INFO] CodeEngine:247 - Generated code: F:\engineering\codespace\MCUReview\Blinky_F429ZI\F429ZI_Blinky\Core\Src\stm32f4xx_hal_msp.c
2021-05-16 16:08:58,898 [INFO] CodeEngine:229 - oldGeneratedFile, F:\engineering\codespace\MCUReview\Blinky_F429ZI\F429ZI_Blinky\MXTmpFiles\system.tmp_save
2021-05-16 16:08:58,938 [INFO] CodeEngine:247 - Generated code: F:\engineering\codespace\MCUReview\Blinky_F429ZI\F429ZI_Blinky\MXTmpFiles\system.tmp
2021-05-16 16:08:58,953 [INFO] CodeEngine:229 - oldGeneratedFile, F:\engineering\codespace\MCUReview\Blinky_F429ZI\F429ZI_Blinky\Core\Inc\stm32f4xx_hal_conf.h_save
2021-05-16 16:08:59,041 [INFO] CodeEngine:247 - Generated code: F:\engineering\codespace\MCUReview\Blinky_F429ZI\F429ZI_Blinky\Core\Inc\stm32f4xx_hal_conf.h
2021-05-16 16:08:59,064 [WARN] IPConfigManager:2976 - IP not found : USB_OTG
2021-05-16 16:08:59,065 [WARN] CodeGenerator:3191 - IP not found : null
2021-05-16 16:08:59,078 [INFO] CodeEngine:229 - oldGeneratedFile, F:\engineering\codespace\MCUReview\Blinky_F429ZI\F429ZI_Blinky\Core\Inc\main.h_save
2021-05-16 16:08:59,129 [INFO] CodeEngine:247 - Generated code: F:\engineering\codespace\MCUReview\Blinky_F429ZI\F429ZI_Blinky\Core\Inc\main.h
2021-05-16 16:08:59,138 [INFO] CodeEngine:229 - oldGeneratedFile, F:\engineering\codespace\MCUReview\Blinky_F429ZI\F429ZI_Blinky\Core\Src\main.c_save
2021-05-16 16:08:59,240 [INFO] CodeEngine:247 - Generated code: F:\engineering\codespace\MCUReview\Blinky_F429ZI\F429ZI_Blinky\Core\Src\main.c
2021-05-16 16:08:59,882 [INFO] ProjectBuilder:2460 - Time for Copy HAL[1] : 99mS.
2021-05-16 16:08:59,885 [INFO] ProjectBuilder:3418 - Project Generator version: 3.13.0-B3
2021-05-16 16:09:00,268 [INFO] ConfigFileManager:1242 - The Die is : DIE419
2021-05-16 16:09:02,450 [INFO] ProjectBuilder:3584 - Time for Generating toolchain IDE Files: 2565mS.
2021-05-16 16:09:02,450 [INFO] ProjectBuilder:2339 - Time for Copy CMSIS : 0mS.
2021-05-16 16:09:02,452 [INFO] ProjectBuilder:2339 - Time for Copy CMSIS : 0mS.
2021-05-16 16:27:07,068 [INFO] UtilMem:74 - End SaveConfig() Used Memory: 395505968 Bytes (922746880)
2021-05-16 16:27:08,239 [INFO] UtilMem:74 - End SaveConfig() Used Memory: 418048304 Bytes (922746880)
2021-05-16 16:27:08,469 [INFO] UtilMem:74 - End SaveConfig() Used Memory: 442691888 Bytes (922746880)
2021-05-16 16:27:08,765 [INFO] BlockDiagram:2735 - set Specific Code input for plugin: SYS
2021-05-16 16:27:08,765 [INFO] BlockDiagram:2735 - set Specific Code input for plugin: RCC
2021-05-16 16:27:08,765 [INFO] BlockDiagram:2735 - set Specific Code input for plugin: USB_OTG_FS
2021-05-16 16:27:08,765 [INFO] BlockDiagram:2735 - set Specific Code input for plugin: NVIC
2021-05-16 16:27:08,765 [INFO] BlockDiagram:2735 - set Specific Code input for plugin: USART
2021-05-16 16:27:08,766 [INFO] BlockDiagram:2735 - set Specific Code input for plugin: GPIO
2021-05-16 16:27:08,766 [INFO] BlockDiagram:2735 - set Specific Code input for plugin: ETH
2021-05-16 16:27:08,767 [INFO] CodeGenerator:641 - code generatio: config db path: F:\engineering\STI\theirstuff\IDE\STM32CubeIDE_1.6.1\STM32CubeIDE\plugins\com.st.stm32cube.common.mx_6.2.1.202103241236\\db\
2021-05-16 16:27:09,401 [INFO] CodeEngine:229 - oldGeneratedFile, F:\engineering\codespace\MCUReview\Blinky_F429ZI\F429ZI_Blinky\MXTmpFiles\license.tmp_save
2021-05-16 16:27:09,484 [INFO] CodeEngine:247 - Generated code: F:\engineering\codespace\MCUReview\Blinky_F429ZI\F429ZI_Blinky\MXTmpFiles\license.tmp
2021-05-16 16:27:09,523 [INFO] CodeEngine:229 - oldGeneratedFile, F:\engineering\codespace\MCUReview\Blinky_F429ZI\F429ZI_Blinky\MXTmpFiles\gpio.tmp_save
2021-05-16 16:27:09,575 [INFO] CodeEngine:247 - Generated code: F:\engineering\codespace\MCUReview\Blinky_F429ZI\F429ZI_Blinky\MXTmpFiles\gpio.tmp
2021-05-16 16:27:09,786 [INFO] LogOutputStream:76 - [STDOUT_REDIRECT] Command line
2021-05-16 16:27:09,787 [INFO] LogOutputStream:76 - [STDOUT_REDIRECT] Command line
2021-05-16 16:27:09,789 [INFO] LogOutputStream:76 - [STDOUT_REDIRECT] Command line
2021-05-16 16:27:09,810 [INFO] CodeEngine:229 - oldGeneratedFile, F:\engineering\codespace\MCUReview\Blinky_F429ZI\F429ZI_Blinky\Core\Src\stm32f4xx_it.c_save
2021-05-16 16:27:09,888 [INFO] CodeEngine:247 - Generated code: F:\engineering\codespace\MCUReview\Blinky_F429ZI\F429ZI_Blinky\Core\Src\stm32f4xx_it.c
2021-05-16 16:27:09,894 [INFO] CodeEngine:229 - oldGeneratedFile, F:\engineering\codespace\MCUReview\Blinky_F429ZI\F429ZI_Blinky\Core\Inc\stm32f4xx_it.h_save
2021-05-16 16:27:09,947 [INFO] CodeEngine:247 - Generated code: F:\engineering\codespace\MCUReview\Blinky_F429ZI\F429ZI_Blinky\Core\Inc\stm32f4xx_it.h
2021-05-16 16:27:09,964 [INFO] CodeEngine:229 - oldGeneratedFile, F:\engineering\codespace\MCUReview\Blinky_F429ZI\F429ZI_Blinky\Core\Src\stm32f4xx_hal_msp.c_save
2021-05-16 16:27:10,066 [INFO] CodeEngine:247 - Generated code: F:\engineering\codespace\MCUReview\Blinky_F429ZI\F429ZI_Blinky\Core\Src\stm32f4xx_hal_msp.c
2021-05-16 16:27:10,071 [INFO] CodeEngine:229 - oldGeneratedFile, F:\engineering\codespace\MCUReview\Blinky_F429ZI\F429ZI_Blinky\MXTmpFiles\system.tmp_save
2021-05-16 16:27:10,114 [INFO] CodeEngine:247 - Generated code: F:\engineering\codespace\MCUReview\Blinky_F429ZI\F429ZI_Blinky\MXTmpFiles\system.tmp
2021-05-16 16:27:10,129 [INFO] CodeEngine:229 - oldGeneratedFile, F:\engineering\codespace\MCUReview\Blinky_F429ZI\F429ZI_Blinky\Core\Inc\stm32f4xx_hal_conf.h_save
2021-05-16 16:27:10,197 [INFO] CodeEngine:247 - Generated code: F:\engineering\codespace\MCUReview\Blinky_F429ZI\F429ZI_Blinky\Core\Inc\stm32f4xx_hal_conf.h
2021-05-16 16:27:10,217 [WARN] IPConfigManager:2976 - IP not found : USB_OTG
2021-05-16 16:27:10,218 [WARN] CodeGenerator:3191 - IP not found : null
2021-05-16 16:27:10,232 [INFO] CodeEngine:229 - oldGeneratedFile, F:\engineering\codespace\MCUReview\Blinky_F429ZI\F429ZI_Blinky\Core\Inc\main.h_save
2021-05-16 16:27:10,282 [INFO] CodeEngine:247 - Generated code: F:\engineering\codespace\MCUReview\Blinky_F429ZI\F429ZI_Blinky\Core\Inc\main.h
2021-05-16 16:27:10,291 [INFO] CodeEngine:229 - oldGeneratedFile, F:\engineering\codespace\MCUReview\Blinky_F429ZI\F429ZI_Blinky\Core\Src\main.c_save
2021-05-16 16:27:10,396 [INFO] CodeEngine:247 - Generated code: F:\engineering\codespace\MCUReview\Blinky_F429ZI\F429ZI_Blinky\Core\Src\main.c
2021-05-16 16:27:11,100 [INFO] ProjectBuilder:2460 - Time for Copy HAL[1] : 100mS.
2021-05-16 16:27:11,103 [INFO] ProjectBuilder:3418 - Project Generator version: 3.13.0-B3
2021-05-16 16:27:11,517 [INFO] ConfigFileManager:1242 - The Die is : DIE419
2021-05-16 16:27:13,110 [INFO] ProjectBuilder:3584 - Time for Generating toolchain IDE Files: 2007mS.
2021-05-16 16:27:13,111 [INFO] ProjectBuilder:2339 - Time for Copy CMSIS : 1mS.
2021-05-16 16:27:13,113 [INFO] ProjectBuilder:2339 - Time for Copy CMSIS : 1mS.
